ERROR - 2019-08-19 16:41:08 --> 404 Page Not Found: Assets/js
ERROR - 2019-08-19 16:41:08 --> 404 Page Not Found: Assets/js
ERROR - 2019-08-19 18:11:29 --> 404 Page Not Found: Assets/js
ERROR - 2019-08-19 18:11:30 --> 404 Page Not Found: Assets/js
ERROR - 2019-08-19 18:11:44 --> 404 Page Not Found: Assets/images
ERROR - 2019-08-19 18:11:44 --> 404 Page Not Found: Assets/images
ERROR - 2019-08-19 18:11:44 --> 404 Page Not Found: Assets/images
ERROR - 2019-08-19 18:19:25 --> 404 Page Not Found: Assets/js
ERROR - 2019-08-19 18:19:25 --> 404 Page Not Found: Assets/js
ERROR - 2019-08-19 18:19:26 --> 404 Page Not Found: Assets/js
ERROR - 2019-08-19 18:19:26 --> 404 Page Not Found: Assets/js
ERROR - 2019-08-19 18:22:36 --> 404 Page Not Found: Assets/js
ERROR - 2019-08-19 18:22:36 --> 404 Page Not Found: Assets/js
ERROR - 2019-08-19 18:22:47 --> 404 Page Not Found: Assets/images
ERROR - 2019-08-19 18:22:47 --> 404 Page Not Found: Assets/images
ERROR - 2019-08-19 18:47:07 --> 404 Page Not Found: Assets/js
ERROR - 2019-08-19 18:47:07 --> 404 Page Not Found: Assets/js
ERROR - 2019-08-19 18:47:24 --> 404 Page Not Found: Assets/images
ERROR - 2019-08-19 18:47:24 --> 404 Page Not Found: Assets/images
ERROR - 2019-08-19 18:47:24 --> 404 Page Not Found: Assets/images
ERROR - 2019-08-19 18:47:24 --> 404 Page Not Found: Assets/images
ERROR - 2019-08-19 18:47:32 --> Severity: error --> Exception: Call to a member function select() on null C:\wamp64\www\webpedidos\application\models\pedido\Requisicao_model.php 26
ERROR - 2019-08-19 19:17:53 --> Severity: error --> Exception: syntax error, unexpected 'echo' (T_ECHO), expecting function (T_FUNCTION) or const (T_CONST) C:\wamp64\www\webpedidos\application\controllers\usuario\Usuario.php 6
ERROR - 2019-08-19 19:17:54 --> Severity: error --> Exception: syntax error, unexpected 'echo' (T_ECHO), expecting function (T_FUNCTION) or const (T_CONST) C:\wamp64\www\webpedidos\application\controllers\usuario\Usuario.php 6
ERROR - 2019-08-19 19:18:07 --> Severity: error --> Exception: syntax error, unexpected 'echo' (T_ECHO), expecting function (T_FUNCTION) or const (T_CONST) C:\wamp64\www\webpedidos\application\controllers\usuario\Usuario.php 6
ERROR - 2019-08-19 19:18:08 --> Severity: error --> Exception: syntax error, unexpected 'echo' (T_ECHO), expecting function (T_FUNCTION) or const (T_CONST) C:\wamp64\www\webpedidos\application\controllers\usuario\Usuario.php 6
ERROR - 2019-08-19 19:18:08 --> Severity: error --> Exception: syntax error, unexpected 'echo' (T_ECHO), expecting function (T_FUNCTION) or const (T_CONST) C:\wamp64\www\webpedidos\application\controllers\usuario\Usuario.php 6
ERROR - 2019-08-19 19:18:08 --> Severity: error --> Exception: syntax error, unexpected 'echo' (T_ECHO), expecting function (T_FUNCTION) or const (T_CONST) C:\wamp64\www\webpedidos\application\controllers\usuario\Usuario.php 6
ERROR - 2019-08-19 19:18:27 --> Severity: error --> Exception: syntax error, unexpected 'echo' (T_ECHO), expecting function (T_FUNCTION) or const (T_CONST) C:\wamp64\www\webpedidos\application\controllers\usuario\Usuario.php 6
ERROR - 2019-08-19 19:18:33 --> Severity: error --> Exception: syntax error, unexpected 'echo' (T_ECHO), expecting function (T_FUNCTION) or const (T_CONST) C:\wamp64\www\webpedidos\application\controllers\usuario\Usuario.php 6
ERROR - 2019-08-19 19:18:33 --> Severity: error --> Exception: syntax error, unexpected 'echo' (T_ECHO), expecting function (T_FUNCTION) or const (T_CONST) C:\wamp64\www\webpedidos\application\controllers\usuario\Usuario.php 6
ERROR - 2019-08-19 19:18:34 --> Severity: error --> Exception: syntax error, unexpected 'echo' (T_ECHO), expecting function (T_FUNCTION) or const (T_CONST) C:\wamp64\www\webpedidos\application\controllers\usuario\Usuario.php 6
ERROR - 2019-08-19 19:18:34 --> Severity: error --> Exception: syntax error, unexpected 'echo' (T_ECHO), expecting function (T_FUNCTION) or const (T_CONST) C:\wamp64\www\webpedidos\application\controllers\usuario\Usuario.php 6
ERROR - 2019-08-19 19:18:35 --> Severity: error --> Exception: syntax error, unexpected 'echo' (T_ECHO), expecting function (T_FUNCTION) or const (T_CONST) C:\wamp64\www\webpedidos\application\controllers\usuario\Usuario.php 6
ERROR - 2019-08-19 19:20:07 --> Severity: error --> Exception: syntax error, unexpected 'echo' (T_ECHO), expecting function (T_FUNCTION) or const (T_CONST) C:\wamp64\www\webpedidos\application\controllers\usuario\Usuario.php 6
ERROR - 2019-08-19 19:20:08 --> Severity: error --> Exception: syntax error, unexpected 'echo' (T_ECHO), expecting function (T_FUNCTION) or const (T_CONST) C:\wamp64\www\webpedidos\application\controllers\usuario\Usuario.php 6
ERROR - 2019-08-19 19:20:11 --> Severity: error --> Exception: syntax error, unexpected 'print_r' (T_STRING), expecting function (T_FUNCTION) or const (T_CONST) C:\wamp64\www\webpedidos\application\controllers\usuario\Usuario.php 7
ERROR - 2019-08-19 19:20:12 --> Severity: error --> Exception: syntax error, unexpected 'print_r' (T_STRING), expecting function (T_FUNCTION) or const (T_CONST) C:\wamp64\www\webpedidos\application\controllers\usuario\Usuario.php 7
ERROR - 2019-08-19 19:20:12 --> Severity: error --> Exception: syntax error, unexpected 'print_r' (T_STRING), expecting function (T_FUNCTION) or const (T_CONST) C:\wamp64\www\webpedidos\application\controllers\usuario\Usuario.php 7
ERROR - 2019-08-19 19:20:13 --> Severity: error --> Exception: syntax error, unexpected 'print_r' (T_STRING), expecting function (T_FUNCTION) or const (T_CONST) C:\wamp64\www\webpedidos\application\controllers\usuario\Usuario.php 7
ERROR - 2019-08-19 19:20:33 --> Severity: error --> Exception: syntax error, unexpected 'teste' (T_STRING), expecting variable (T_VARIABLE) C:\wamp64\www\webpedidos\application\controllers\usuario\Usuario.php 7
ERROR - 2019-08-19 19:20:34 --> Severity: error --> Exception: syntax error, unexpected 'teste' (T_STRING), expecting variable (T_VARIABLE) C:\wamp64\www\webpedidos\application\controllers\usuario\Usuario.php 7
ERROR - 2019-08-19 19:20:46 --> Severity: error --> Exception: syntax error, unexpected 'teste' (T_STRING), expecting function (T_FUNCTION) or const (T_CONST) C:\wamp64\www\webpedidos\application\controllers\usuario\Usuario.php 7
ERROR - 2019-08-19 19:20:46 --> Severity: error --> Exception: syntax error, unexpected 'teste' (T_STRING), expecting function (T_FUNCTION) or const (T_CONST) C:\wamp64\www\webpedidos\application\controllers\usuario\Usuario.php 7
ERROR - 2019-08-19 19:20:47 --> Severity: error --> Exception: syntax error, unexpected 'teste' (T_STRING), expecting function (T_FUNCTION) or const (T_CONST) C:\wamp64\www\webpedidos\application\controllers\usuario\Usuario.php 7
ERROR - 2019-08-19 19:22:19 --> Severity: error --> Exception: syntax error, unexpected 'print' (T_PRINT), expecting function (T_FUNCTION) or const (T_CONST) C:\wamp64\www\webpedidos\application\controllers\usuario\Usuario.php 8
ERROR - 2019-08-19 19:22:19 --> Severity: error --> Exception: syntax error, unexpected 'print' (T_PRINT), expecting function (T_FUNCTION) or const (T_CONST) C:\wamp64\www\webpedidos\application\controllers\usuario\Usuario.php 8
ERROR - 2019-08-19 19:22:20 --> Severity: error --> Exception: syntax error, unexpected 'print' (T_PRINT), expecting function (T_FUNCTION) or const (T_CONST) C:\wamp64\www\webpedidos\application\controllers\usuario\Usuario.php 8
ERROR - 2019-08-19 19:22:21 --> Severity: error --> Exception: syntax error, unexpected 'print' (T_PRINT), expecting function (T_FUNCTION) or const (T_CONST) C:\wamp64\www\webpedidos\application\controllers\usuario\Usuario.php 8
ERROR - 2019-08-19 19:22:21 --> Severity: error --> Exception: syntax error, unexpected 'print' (T_PRINT), expecting function (T_FUNCTION) or const (T_CONST) C:\wamp64\www\webpedidos\application\controllers\usuario\Usuario.php 8
ERROR - 2019-08-19 19:22:21 --> Severity: error --> Exception: syntax error, unexpected 'print' (T_PRINT), expecting function (T_FUNCTION) or const (T_CONST) C:\wamp64\www\webpedidos\application\controllers\usuario\Usuario.php 8
ERROR - 2019-08-19 19:22:21 --> Severity: error --> Exception: syntax error, unexpected 'print' (T_PRINT), expecting function (T_FUNCTION) or const (T_CONST) C:\wamp64\www\webpedidos\application\controllers\usuario\Usuario.php 8
ERROR - 2019-08-19 19:22:22 --> Severity: error --> Exception: syntax error, unexpected 'print' (T_PRINT), expecting function (T_FUNCTION) or const (T_CONST) C:\wamp64\www\webpedidos\application\controllers\usuario\Usuario.php 8
ERROR - 2019-08-19 19:22:42 --> Severity: error --> Exception: syntax error, unexpected 'teste' (T_STRING), expecting variable (T_VARIABLE) C:\wamp64\www\webpedidos\application\controllers\usuario\Usuario.php 7
ERROR - 2019-08-19 19:22:43 --> Severity: error --> Exception: syntax error, unexpected 'teste' (T_STRING), expecting variable (T_VARIABLE) C:\wamp64\www\webpedidos\application\controllers\usuario\Usuario.php 7
ERROR - 2019-08-19 19:22:44 --> Severity: error --> Exception: syntax error, unexpected 'teste' (T_STRING), expecting variable (T_VARIABLE) C:\wamp64\www\webpedidos\application\controllers\usuario\Usuario.php 7
ERROR - 2019-08-19 19:26:18 --> Severity: error --> Exception: syntax error, unexpected ''<script src="'' (T_CONSTANT_ENCAPSED_STRING), expecting ')' C:\wamp64\www\webpedidos\application\controllers\usuario\Usuario.php 29
ERROR - 2019-08-19 19:37:30 --> Severity: error --> Exception: syntax error, unexpected 'echo' (T_ECHO), expecting function (T_FUNCTION) or const (T_CONST) C:\wamp64\www\webpedidos\application\controllers\usuario\Usuario.php 6
ERROR - 2019-08-19 19:37:32 --> Severity: error --> Exception: syntax error, unexpected 'echo' (T_ECHO), expecting function (T_FUNCTION) or const (T_CONST) C:\wamp64\www\webpedidos\application\controllers\usuario\Usuario.php 6
ERROR - 2019-08-19 19:37:32 --> Severity: error --> Exception: syntax error, unexpected 'echo' (T_ECHO), expecting function (T_FUNCTION) or const (T_CONST) C:\wamp64\www\webpedidos\application\controllers\usuario\Usuario.php 6
ERROR - 2019-08-19 19:37:33 --> Severity: error --> Exception: syntax error, unexpected 'echo' (T_ECHO), expecting function (T_FUNCTION) or const (T_CONST) C:\wamp64\www\webpedidos\application\controllers\usuario\Usuario.php 6
ERROR - 2019-08-19 19:47:24 --> 404 Page Not Found: Assets/js
ERROR - 2019-08-19 19:47:24 --> 404 Page Not Found: Assets/js
ERROR - 2019-08-19 19:47:34 --> 404 Page Not Found: Assets/images
ERROR - 2019-08-19 19:47:34 --> 404 Page Not Found: Assets/images
ERROR - 2019-08-19 19:48:31 --> 404 Page Not Found: Assets/js
ERROR - 2019-08-19 19:48:31 --> 404 Page Not Found: Assets/js
ERROR - 2019-08-19 19:48:42 --> 404 Page Not Found: Assets/images
ERROR - 2019-08-19 19:48:42 --> 404 Page Not Found: Assets/images
ERROR - 2019-08-19 19:48:42 --> 404 Page Not Found: Assets/images
ERROR - 2019-08-19 19:48:42 --> 404 Page Not Found: Assets/images
ERROR - 2019-08-19 19:54:50 --> 404 Page Not Found: Assets/js
ERROR - 2019-08-19 19:54:50 --> 404 Page Not Found: Assets/js
ERROR - 2019-08-19 20:05:43 --> 404 Page Not Found: Assets/js
ERROR - 2019-08-19 20:05:43 --> 404 Page Not Found: Assets/js
ERROR - 2019-08-19 20:05:48 --> 404 Page Not Found: Assets/js
ERROR - 2019-08-19 20:05:48 --> 404 Page Not Found: Assets/js
ERROR - 2019-08-19 20:05:56 --> 404 Page Not Found: Assets/images
ERROR - 2019-08-19 20:05:56 --> 404 Page Not Found: Assets/images
ERROR - 2019-08-19 20:05:57 --> 404 Page Not Found: Assets/images
ERROR - 2019-08-19 20:05:57 --> 404 Page Not Found: Assets/images
ERROR - 2019-08-19 20:06:05 --> Severity: error --> Exception: Call to a member function select() on null C:\wamp64\www\webpedidos\application\models\pedido\Requisicao_model.php 26
ERROR - 2019-08-19 20:06:53 --> 404 Page Not Found: Assets/js
ERROR - 2019-08-19 20:06:53 --> 404 Page Not Found: Assets/js
ERROR - 2019-08-19 20:21:32 --> Severity: error --> Exception: syntax error, unexpected 'public' (T_PUBLIC) C:\wamp64\www\webpedidos\application\models\usuario\Usuario_model.php 34
ERROR - 2019-08-19 20:21:33 --> Severity: error --> Exception: syntax error, unexpected 'public' (T_PUBLIC) C:\wamp64\www\webpedidos\application\models\usuario\Usuario_model.php 34
ERROR - 2019-08-19 20:21:34 --> Severity: error --> Exception: syntax error, unexpected 'public' (T_PUBLIC) C:\wamp64\www\webpedidos\application\models\usuario\Usuario_model.php 34
ERROR - 2019-08-19 20:21:34 --> Severity: error --> Exception: syntax error, unexpected 'public' (T_PUBLIC) C:\wamp64\www\webpedidos\application\models\usuario\Usuario_model.php 34
ERROR - 2019-08-19 20:21:43 --> Severity: error --> Exception: syntax error, unexpected 'public' (T_PUBLIC) C:\wamp64\www\webpedidos\application\models\usuario\Usuario_model.php 34
ERROR - 2019-08-19 20:21:44 --> Severity: error --> Exception: syntax error, unexpected 'public' (T_PUBLIC) C:\wamp64\www\webpedidos\application\models\usuario\Usuario_model.php 34
ERROR - 2019-08-19 20:21:47 --> Severity: error --> Exception: syntax error, unexpected 'public' (T_PUBLIC) C:\wamp64\www\webpedidos\application\models\usuario\Usuario_model.php 34
ERROR - 2019-08-19 20:21:59 --> Severity: error --> Exception: syntax error, unexpected 'public' (T_PUBLIC) C:\wamp64\www\webpedidos\application\models\usuario\Usuario_model.php 34
ERROR - 2019-08-19 20:22:11 --> Severity: error --> Exception: syntax error, unexpected 'public' (T_PUBLIC) C:\wamp64\www\webpedidos\application\models\usuario\Usuario_model.php 34
ERROR - 2019-08-19 20:24:59 --> Severity: error --> Exception: syntax error, unexpected 'public' (T_PUBLIC) C:\wamp64\www\webpedidos\application\models\usuario\Usuario_model.php 34
ERROR - 2019-08-19 20:25:07 --> Severity: error --> Exception: syntax error, unexpected 'public' (T_PUBLIC) C:\wamp64\www\webpedidos\application\models\usuario\Usuario_model.php 34
ERROR - 2019-08-19 20:25:09 --> Severity: error --> Exception: syntax error, unexpected 'public' (T_PUBLIC) C:\wamp64\www\webpedidos\application\models\usuario\Usuario_model.php 34
ERROR - 2019-08-19 20:25:18 --> Severity: error --> Exception: syntax error, unexpected 'public' (T_PUBLIC) C:\wamp64\www\webpedidos\application\models\usuario\Usuario_model.php 34
ERROR - 2019-08-19 20:26:11 --> Severity: error --> Exception: syntax error, unexpected 'public' (T_PUBLIC) C:\wamp64\www\webpedidos\application\models\usuario\Usuario_model.php 33
ERROR - 2019-08-19 20:26:12 --> Severity: error --> Exception: syntax error, unexpected 'public' (T_PUBLIC) C:\wamp64\www\webpedidos\application\models\usuario\Usuario_model.php 33
ERROR - 2019-08-19 20:26:35 --> Severity: error --> Exception: syntax error, unexpected 'public' (T_PUBLIC) C:\wamp64\www\webpedidos\application\models\usuario\Usuario_model.php 33
ERROR - 2019-08-19 20:48:31 --> 404 Page Not Found: Assets/js
ERROR - 2019-08-19 20:48:31 --> 404 Page Not Found: Assets/js
ERROR - 2019-08-19 21:46:08 --> Could not find the language line "form_validation_min_lenght"
ERROR - 2019-08-19 21:46:08 --> Severity: 8192 --> idn_to_ascii(): INTL_IDNA_VARIANT_2003 is deprecated C:\wamp64\www\system\libraries\Form_validation.php 1234
ERROR - 2019-08-19 21:46:52 --> Could not find the language line "form_validation_min_lenght"
ERROR - 2019-08-19 21:46:52 --> Severity: 8192 --> idn_to_ascii(): INTL_IDNA_VARIANT_2003 is deprecated C:\wamp64\www\system\libraries\Form_validation.php 1234
ERROR - 2019-08-19 21:47:10 --> Could not find the language line "form_validation_min_lenght"
ERROR - 2019-08-19 21:47:10 --> Severity: 8192 --> idn_to_ascii(): INTL_IDNA_VARIANT_2003 is deprecated C:\wamp64\www\system\libraries\Form_validation.php 1234
ERROR - 2019-08-19 21:48:44 --> Could not find the language line "form_validation_min_lenght"
ERROR - 2019-08-19 21:48:44 --> Severity: 8192 --> idn_to_ascii(): INTL_IDNA_VARIANT_2003 is deprecated C:\wamp64\www\system\libraries\Form_validation.php 1234
ERROR - 2019-08-19 21:48:48 --> Could not find the language line "form_validation_min_lenght"
ERROR - 2019-08-19 21:48:48 --> Severity: 8192 --> idn_to_ascii(): INTL_IDNA_VARIANT_2003 is deprecated C:\wamp64\www\system\libraries\Form_validation.php 1234
ERROR - 2019-08-19 22:07:15 --> Could not find the language line "form_validation_min_lenght"
ERROR - 2019-08-19 22:07:15 --> Severity: 8192 --> idn_to_ascii(): INTL_IDNA_VARIANT_2003 is deprecated C:\wamp64\www\system\libraries\Form_validation.php 1234
ERROR - 2019-08-19 22:07:38 --> Could not find the language line "form_validation_min_lenght"
ERROR - 2019-08-19 22:07:38 --> Severity: 8192 --> idn_to_ascii(): INTL_IDNA_VARIANT_2003 is deprecated C:\wamp64\www\system\libraries\Form_validation.php 1234
ERROR - 2019-08-19 22:08:07 --> Could not find the language line "form_validation_min_lenght"
ERROR - 2019-08-19 22:08:07 --> Severity: 8192 --> idn_to_ascii(): INTL_IDNA_VARIANT_2003 is deprecated C:\wamp64\www\system\libraries\Form_validation.php 1234
ERROR - 2019-08-19 22:08:34 --> Severity: 8192 --> idn_to_ascii(): INTL_IDNA_VARIANT_2003 is deprecated C:\wamp64\www\system\libraries\Form_validation.php 1234
ERROR - 2019-08-19 22:08:34 --> Severity: error --> Exception: Call to undefined method Usuario::setValidadeSenha() C:\wamp64\www\webpedidos\application\controllers\usuario\Usuario.php 68
ERROR - 2019-08-19 22:09:23 --> Severity: error --> Exception: Call to undefined method Usuario::setValidadeSenha() C:\wamp64\www\webpedidos\application\controllers\usuario\Usuario.php 68
ERROR - 2019-08-19 22:10:16 --> Severity: error --> Exception: Call to undefined method Usuario_model::criar() C:\wamp64\www\webpedidos\application\controllers\usuario\Usuario.php 69
