ERROR - 2019-09-15 18:12:22 --> Severity: error --> Exception: Too few arguments to function Usuario_model::buscar(), 1 passed in C:\wamp64\www\webpedidos\application\controllers\Autenticacao.php on line 35 and exactly 2 expected C:\wamp64\www\webpedidos\application\models\usuario\Usuario_model.php 82
ERROR - 2019-09-15 18:12:28 --> Severity: error --> Exception: Too few arguments to function Usuario_model::buscar(), 1 passed in C:\wamp64\www\webpedidos\application\controllers\Autenticacao.php on line 35 and exactly 2 expected C:\wamp64\www\webpedidos\application\models\usuario\Usuario_model.php 82
ERROR - 2019-09-15 18:37:44 --> Severity: error --> Exception: Too few arguments to function Usuario_model::buscar(), 1 passed in C:\wamp64\www\webpedidos\application\controllers\Autenticacao.php on line 35 and exactly 2 expected C:\wamp64\www\webpedidos\application\models\usuario\Usuario_model.php 82
ERROR - 2019-09-15 18:39:05 --> Severity: error --> Exception: Too few arguments to function Usuario_model::buscar(), 1 passed in C:\wamp64\www\webpedidos\application\controllers\Autenticacao.php on line 35 and exactly 2 expected C:\wamp64\www\webpedidos\application\models\usuario\Usuario_model.php 82
ERROR - 2019-09-15 18:40:32 --> Severity: error --> Exception: Too few arguments to function Usuario_model::buscar(), 1 passed in C:\wamp64\www\webpedidos\application\controllers\Autenticacao.php on line 35 and exactly 2 expected C:\wamp64\www\webpedidos\application\models\usuario\Usuario_model.php 82
ERROR - 2019-09-15 18:42:50 --> Severity: error --> Exception: Too few arguments to function Usuario_model::buscar(), 1 passed in C:\wamp64\www\webpedidos\application\controllers\Autenticacao.php on line 35 and exactly 2 expected C:\wamp64\www\webpedidos\application\models\usuario\Usuario_model.php 82
ERROR - 2019-09-15 18:42:53 --> Severity: error --> Exception: Too few arguments to function Usuario_model::buscar(), 1 passed in C:\wamp64\www\webpedidos\application\controllers\Autenticacao.php on line 35 and exactly 2 expected C:\wamp64\www\webpedidos\application\models\usuario\Usuario_model.php 82
ERROR - 2019-09-15 18:42:55 --> Severity: error --> Exception: Too few arguments to function Usuario_model::buscar(), 1 passed in C:\wamp64\www\webpedidos\application\controllers\Autenticacao.php on line 35 and exactly 2 expected C:\wamp64\www\webpedidos\application\models\usuario\Usuario_model.php 82
ERROR - 2019-09-15 18:42:56 --> Severity: error --> Exception: Too few arguments to function Usuario_model::buscar(), 1 passed in C:\wamp64\www\webpedidos\application\controllers\Autenticacao.php on line 35 and exactly 2 expected C:\wamp64\www\webpedidos\application\models\usuario\Usuario_model.php 82
ERROR - 2019-09-15 18:46:42 --> Severity: error --> Exception: Too few arguments to function Usuario_model::buscar(), 1 passed in C:\wamp64\www\webpedidos\application\controllers\Autenticacao.php on line 35 and exactly 2 expected C:\wamp64\www\webpedidos\application\models\usuario\Usuario_model.php 82
ERROR - 2019-09-15 18:47:54 --> Severity: error --> Exception: Too few arguments to function Usuario_model::buscar(), 1 passed in C:\wamp64\www\webpedidos\application\controllers\Autenticacao.php on line 35 and exactly 2 expected C:\wamp64\www\webpedidos\application\models\usuario\Usuario_model.php 82
ERROR - 2019-09-15 18:48:12 --> Severity: error --> Exception: Too few arguments to function Usuario_model::buscar(), 1 passed in C:\wamp64\www\webpedidos\application\controllers\Autenticacao.php on line 35 and exactly 2 expected C:\wamp64\www\webpedidos\application\models\usuario\Usuario_model.php 82
ERROR - 2019-09-15 18:48:23 --> Severity: error --> Exception: Too few arguments to function Usuario_model::buscar(), 1 passed in C:\wamp64\www\webpedidos\application\controllers\Autenticacao.php on line 35 and exactly 2 expected C:\wamp64\www\webpedidos\application\models\usuario\Usuario_model.php 82
ERROR - 2019-09-15 18:48:34 --> Severity: error --> Exception: Too few arguments to function Usuario_model::buscar(), 1 passed in C:\wamp64\www\webpedidos\application\controllers\Autenticacao.php on line 35 and exactly 2 expected C:\wamp64\www\webpedidos\application\models\usuario\Usuario_model.php 82
ERROR - 2019-09-15 18:48:42 --> Severity: error --> Exception: Too few arguments to function Usuario_model::buscar(), 1 passed in C:\wamp64\www\webpedidos\application\controllers\Autenticacao.php on line 35 and exactly 2 expected C:\wamp64\www\webpedidos\application\models\usuario\Usuario_model.php 82
ERROR - 2019-09-15 18:48:43 --> Severity: error --> Exception: Too few arguments to function Usuario_model::buscar(), 1 passed in C:\wamp64\www\webpedidos\application\controllers\Autenticacao.php on line 35 and exactly 2 expected C:\wamp64\www\webpedidos\application\models\usuario\Usuario_model.php 82
ERROR - 2019-09-15 18:48:48 --> Severity: error --> Exception: Too few arguments to function Usuario_model::buscar(), 1 passed in C:\wamp64\www\webpedidos\application\controllers\Autenticacao.php on line 35 and exactly 2 expected C:\wamp64\www\webpedidos\application\models\usuario\Usuario_model.php 82
ERROR - 2019-09-15 18:48:50 --> Severity: error --> Exception: Too few arguments to function Usuario_model::buscar(), 1 passed in C:\wamp64\www\webpedidos\application\controllers\Autenticacao.php on line 35 and exactly 2 expected C:\wamp64\www\webpedidos\application\models\usuario\Usuario_model.php 82
ERROR - 2019-09-15 18:48:59 --> Severity: error --> Exception: Too few arguments to function Usuario_model::buscar(), 1 passed in C:\wamp64\www\webpedidos\application\controllers\Autenticacao.php on line 35 and exactly 2 expected C:\wamp64\www\webpedidos\application\models\usuario\Usuario_model.php 82
ERROR - 2019-09-15 18:50:09 --> Severity: error --> Exception: Too few arguments to function Usuario_model::buscar(), 1 passed in C:\wamp64\www\webpedidos\application\controllers\Autenticacao.php on line 35 and exactly 2 expected C:\wamp64\www\webpedidos\application\models\usuario\Usuario_model.php 82
ERROR - 2019-09-15 18:50:43 --> Severity: error --> Exception: Too few arguments to function Usuario_model::buscar(), 1 passed in C:\wamp64\www\webpedidos\application\controllers\Autenticacao.php on line 35 and exactly 2 expected C:\wamp64\www\webpedidos\application\models\usuario\Usuario_model.php 82
ERROR - 2019-09-15 18:51:05 --> Severity: error --> Exception: Too few arguments to function Usuario_model::buscar(), 1 passed in C:\wamp64\www\webpedidos\application\controllers\Autenticacao.php on line 35 and exactly 2 expected C:\wamp64\www\webpedidos\application\models\usuario\Usuario_model.php 82
ERROR - 2019-09-15 18:51:09 --> Severity: error --> Exception: Too few arguments to function Usuario_model::buscar(), 1 passed in C:\wamp64\www\webpedidos\application\controllers\Autenticacao.php on line 35 and exactly 2 expected C:\wamp64\www\webpedidos\application\models\usuario\Usuario_model.php 82
ERROR - 2019-09-15 18:52:50 --> Severity: error --> Exception: Too few arguments to function Usuario_model::buscar(), 1 passed in C:\wamp64\www\webpedidos\application\controllers\Autenticacao.php on line 35 and exactly 2 expected C:\wamp64\www\webpedidos\application\models\usuario\Usuario_model.php 82
ERROR - 2019-09-15 18:53:13 --> Severity: error --> Exception: Too few arguments to function Usuario_model::buscar(), 1 passed in C:\wamp64\www\webpedidos\application\controllers\Autenticacao.php on line 35 and exactly 2 expected C:\wamp64\www\webpedidos\application\models\usuario\Usuario_model.php 82
ERROR - 2019-09-15 18:53:19 --> Severity: error --> Exception: Too few arguments to function Usuario_model::buscar(), 1 passed in C:\wamp64\www\webpedidos\application\controllers\Autenticacao.php on line 35 and exactly 2 expected C:\wamp64\www\webpedidos\application\models\usuario\Usuario_model.php 82
ERROR - 2019-09-15 18:54:20 --> Severity: error --> Exception: Too few arguments to function Usuario_model::buscar(), 1 passed in C:\wamp64\www\webpedidos\application\controllers\Autenticacao.php on line 35 and exactly 2 expected C:\wamp64\www\webpedidos\application\models\usuario\Usuario_model.php 82
ERROR - 2019-09-15 18:56:35 --> Severity: error --> Exception: Call to undefined method Usuario_model::buscar() C:\wamp64\www\webpedidos\application\controllers\Autenticacao.php 32
ERROR - 2019-09-15 18:57:52 --> Severity: error --> Exception: Too few arguments to function Usuario_model::buscar(), 1 passed in C:\wamp64\www\webpedidos\application\controllers\Autenticacao.php on line 35 and exactly 2 expected C:\wamp64\www\webpedidos\application\models\usuario\Usuario_model.php 82
ERROR - 2019-09-15 19:05:39 --> Unable to connect to the database
ERROR - 2019-09-15 19:06:31 --> Unable to connect to the database
ERROR - 2019-09-15 19:07:04 --> Severity: error --> Exception: Too few arguments to function Usuario_model::buscar(), 1 passed in C:\wamp64\www\webpedidos\application\controllers\Autenticacao.php on line 35 and exactly 2 expected C:\wamp64\www\webpedidos\application\models\usuario\Usuario_model.php 82
ERROR - 2019-09-15 20:13:07 --> 404 Page Not Found: Assets/js
ERROR - 2019-09-15 20:13:07 --> 404 Page Not Found: Assets/js
ERROR - 2019-09-15 21:06:33 --> 404 Page Not Found: Assets/js
ERROR - 2019-09-15 21:06:33 --> 404 Page Not Found: Assets/js
ERROR - 2019-09-15 21:13:04 --> 404 Page Not Found: Assets/js
ERROR - 2019-09-15 21:13:04 --> 404 Page Not Found: Assets/js
ERROR - 2019-09-15 21:59:48 --> 404 Page Not Found: Assets/js
ERROR - 2019-09-15 21:59:48 --> 404 Page Not Found: Assets/js
ERROR - 2019-09-15 22:00:46 --> 404 Page Not Found: Assets/js
ERROR - 2019-09-15 22:00:46 --> 404 Page Not Found: Assets/js
ERROR - 2019-09-15 22:03:09 --> 404 Page Not Found: Assets/js
ERROR - 2019-09-15 22:03:09 --> 404 Page Not Found: Assets/js
ERROR - 2019-09-15 22:06:22 --> 404 Page Not Found: Assets/js
ERROR - 2019-09-15 22:06:22 --> 404 Page Not Found: Assets/js
ERROR - 2019-09-15 22:06:49 --> 404 Page Not Found: Assets/js
ERROR - 2019-09-15 22:06:49 --> 404 Page Not Found: Assets/js
ERROR - 2019-09-15 22:07:05 --> 404 Page Not Found: Assets/js
ERROR - 2019-09-15 22:07:05 --> 404 Page Not Found: Assets/js
ERROR - 2019-09-15 22:09:20 --> 404 Page Not Found: Assets/js
ERROR - 2019-09-15 22:09:20 --> 404 Page Not Found: Assets/js
ERROR - 2019-09-15 22:09:35 --> 404 Page Not Found: Assets/js
ERROR - 2019-09-15 22:09:35 --> 404 Page Not Found: Assets/js
ERROR - 2019-09-15 22:21:06 --> 404 Page Not Found: Assets/js
ERROR - 2019-09-15 22:21:06 --> 404 Page Not Found: Assets/js
ERROR - 2019-09-15 22:22:21 --> 404 Page Not Found: Assets/js
ERROR - 2019-09-15 22:22:21 --> 404 Page Not Found: Assets/js
ERROR - 2019-09-15 22:22:36 --> 404 Page Not Found: Assets/js
ERROR - 2019-09-15 22:22:36 --> 404 Page Not Found: Assets/js
ERROR - 2019-09-15 22:22:36 --> 404 Page Not Found: Assets/js
ERROR - 2019-09-15 22:22:36 --> 404 Page Not Found: Assets/js
ERROR - 2019-09-15 22:23:33 --> 404 Page Not Found: Assets/js
ERROR - 2019-09-15 22:23:33 --> 404 Page Not Found: Assets/js
ERROR - 2019-09-15 22:24:56 --> 404 Page Not Found: Assets/js
ERROR - 2019-09-15 22:24:56 --> 404 Page Not Found: Assets/js
ERROR - 2019-09-15 22:25:01 --> 404 Page Not Found: Assets/js
ERROR - 2019-09-15 22:25:01 --> 404 Page Not Found: Assets/js
ERROR - 2019-09-15 22:28:34 --> 404 Page Not Found: Assets/js
ERROR - 2019-09-15 22:28:34 --> 404 Page Not Found: Assets/js
ERROR - 2019-09-15 22:29:05 --> 404 Page Not Found: Assets/js
ERROR - 2019-09-15 22:29:05 --> 404 Page Not Found: Assets/js
ERROR - 2019-09-15 22:30:24 --> 404 Page Not Found: Assets/js
ERROR - 2019-09-15 22:30:24 --> 404 Page Not Found: Assets/js
ERROR - 2019-09-15 22:30:34 --> 404 Page Not Found: Assets/js
ERROR - 2019-09-15 22:30:34 --> 404 Page Not Found: Assets/js
ERROR - 2019-09-15 22:30:40 --> Query error: ERRO:  sintaxe de entrada é inválida para uuid: ""
LINE 1: ...a", "senhavalidade", "email", "ativo") VALUES (2, '', '', '3...
                                                             ^ - Invalid query: INSERT INTO "web_login" ("empresasiteid", "funcionarioid", "funcionariofilialmatricula", "grupoacessoid", "usuario", "senha", "senhavalidade", "email", "ativo") VALUES (2, '', '', '3', '', 'd41d8cd98f00b204e9800998ecf8427e', '15/09/2020', '', 'true')
ERROR - 2019-09-15 22:31:03 --> 404 Page Not Found: Assets/js
ERROR - 2019-09-15 22:31:03 --> 404 Page Not Found: Assets/js
ERROR - 2019-09-15 22:31:04 --> 404 Page Not Found: Assets/js
ERROR - 2019-09-15 22:31:04 --> 404 Page Not Found: Assets/js
ERROR - 2019-09-15 22:32:26 --> 404 Page Not Found: Assets/js
ERROR - 2019-09-15 22:32:26 --> 404 Page Not Found: Assets/js
ERROR - 2019-09-15 22:33:27 --> 404 Page Not Found: Assets/js
ERROR - 2019-09-15 22:33:27 --> 404 Page Not Found: Assets/js
ERROR - 2019-09-15 22:40:39 --> 404 Page Not Found: Assets/js
ERROR - 2019-09-15 22:40:39 --> 404 Page Not Found: Assets/js
ERROR - 2019-09-15 23:35:18 --> 404 Page Not Found: Assets/js
ERROR - 2019-09-15 23:35:18 --> 404 Page Not Found: Assets/js
ERROR - 2019-09-15 23:38:45 --> 404 Page Not Found: Assets/js
ERROR - 2019-09-15 23:38:45 --> 404 Page Not Found: Assets/js
ERROR - 2019-09-15 23:40:19 --> 404 Page Not Found: Assets/js
ERROR - 2019-09-15 23:40:19 --> 404 Page Not Found: Assets/js
ERROR - 2019-09-15 23:42:32 --> 404 Page Not Found: Assets/js
ERROR - 2019-09-15 23:42:32 --> 404 Page Not Found: Assets/js
ERROR - 2019-09-15 23:42:54 --> 404 Page Not Found: Assets/js
ERROR - 2019-09-15 23:42:54 --> 404 Page Not Found: Assets/js
ERROR - 2019-09-15 23:46:36 --> 404 Page Not Found: Assets/js
ERROR - 2019-09-15 23:46:36 --> 404 Page Not Found: Assets/js
ERROR - 2019-09-15 23:47:13 --> 404 Page Not Found: Assets/js
ERROR - 2019-09-15 23:47:13 --> 404 Page Not Found: Assets/js
ERROR - 2019-09-15 23:47:20 --> Query error: ERRO:  sintaxe de entrada é inválida para uuid: ""
LINE 1: ...a", "senhavalidade", "email", "ativo") VALUES (2, '', '', '2...
                                                             ^ - Invalid query: INSERT INTO "web_login" ("empresasiteid", "funcionarioid", "funcionariofilialmatricula", "grupoacessoid", "usuario", "senha", "senhavalidade", "email", "ativo") VALUES (2, '', '', '2', '', 'd41d8cd98f00b204e9800998ecf8427e', '15/09/2020', '', 'true')
ERROR - 2019-09-15 23:49:12 --> 404 Page Not Found: Assets/js
ERROR - 2019-09-15 23:49:12 --> 404 Page Not Found: Assets/js
ERROR - 2019-09-15 23:49:18 --> Severity: Warning --> Use of undefined constant temp - assumed 'temp' (this will throw an Error in a future version of PHP) C:\wamp64\www\webpedidos\application\controllers\usuario\Usuario.php 52
ERROR - 2019-09-15 23:49:19 --> Query error: ERRO:  sintaxe de entrada é inválida para uuid: ""
LINE 1: ...a", "senhavalidade", "email", "ativo") VALUES (2, '', '', '3...
                                                             ^ - Invalid query: INSERT INTO "web_login" ("empresasiteid", "funcionarioid", "funcionariofilialmatricula", "grupoacessoid", "usuario", "senha", "senhavalidade", "email", "ativo") VALUES (2, '', '', '3', '', 'd41d8cd98f00b204e9800998ecf8427e', '15/09/2020', '', 'true')
ERROR - 2019-09-15 23:55:43 --> 404 Page Not Found: Assets/js
ERROR - 2019-09-15 23:55:43 --> 404 Page Not Found: Assets/js
ERROR - 2019-09-15 23:56:00 --> 404 Page Not Found: Assets/js
ERROR - 2019-09-15 23:56:00 --> 404 Page Not Found: Assets/js
ERROR - 2019-09-15 23:56:16 --> 404 Page Not Found: Assets/js
ERROR - 2019-09-15 23:56:16 --> 404 Page Not Found: Assets/js
ERROR - 2019-09-15 23:56:46 --> 404 Page Not Found: Assets/js
ERROR - 2019-09-15 23:56:46 --> 404 Page Not Found: Assets/js
ERROR - 2019-09-15 23:58:34 --> 404 Page Not Found: Assets/js
ERROR - 2019-09-15 23:58:34 --> 404 Page Not Found: Assets/js
ERROR - 2019-09-15 23:59:17 --> Unable to connect to the database
ERROR - 2019-09-15 23:59:17 --> 404 Page Not Found: Assets/js
ERROR - 2019-09-15 23:59:17 --> 404 Page Not Found: Assets/js
